2019-07-19 17:12:05,342 [main] INFO  org.springframework.boot.test.context.SpringBootTestContextBootstrapper - Neither @ContextConfiguration nor @ContextHierarchy found for test class [com.cicada.UserServiceTest], using SpringBootContextLoader
2019-07-19 17:12:05,352 [main] INFO  org.springframework.test.context.support.AbstractContextLoader - Could not detect default resource locations for test class [com.cicada.UserServiceTest]: no resource found for suffixes {-context.xml, Context.groovy}.
2019-07-19 17:12:05,353 [main] INFO  org.springframework.test.context.support.AnnotationConfigContextLoaderUtils - Could not detect default configuration classes for test class [com.cicada.UserServiceTest]: UserServiceTest does not declare any static, non-private, non-final, nested classes annotated with @Configuration.
2019-07-19 17:12:05,571 [main] INFO  org.springframework.boot.test.context.SpringBootTestContextBootstrapper - Found @SpringBootConfiguration com.cicada.Springboot2xSamplesApplication for test class com.cicada.UserServiceTest
2019-07-19 17:12:05,702 [main] INFO  org.springframework.boot.test.context.SpringBootTestContextBootstrapper - Loaded default TestExecutionListener class names from location [META-INF/spring.factories]: [org.springframework.boot.test.mock.mockito.MockitoTestExecutionListener, org.springframework.boot.test.mock.mockito.ResetMocksTestExecutionListener, org.springframework.boot.test.autoconfigure.restdocs.RestDocsTestExecutionListener, org.springframework.boot.test.autoconfigure.web.client.MockRestServiceServerResetTestExecutionListener, org.springframework.boot.test.autoconfigure.web.servlet.MockMvcPrintOnlyOnFailureTestExecutionListener, org.springframework.boot.test.autoconfigure.web.servlet.WebDriverTestExecutionListener, org.springframework.test.context.web.ServletTestExecutionListener, org.springframework.test.context.support.DirtiesContextBeforeModesTestExecutionListener, org.springframework.test.context.support.DependencyInjectionTestExecutionListener, org.springframework.test.context.support.DirtiesContextTestExecutionListener, org.springframework.test.context.transaction.TransactionalTestExecutionListener, org.springframework.test.context.jdbc.SqlScriptsTestExecutionListener]
2019-07-19 17:12:05,720 [main] INFO  org.springframework.boot.test.context.SpringBootTestContextBootstrapper - Using TestExecutionListeners: [org.springframework.test.context.web.ServletTestExecutionListener@9d5509a, org.springframework.test.context.support.DirtiesContextBeforeModesTestExecutionListener@179ece50, org.springframework.boot.test.mock.mockito.MockitoTestExecutionListener@3b0090a4, org.springframework.boot.test.autoconfigure.SpringBootDependencyInjectionTestExecutionListener@3cd3e762, org.springframework.test.context.support.DirtiesContextTestExecutionListener@1fa121e2, org.springframework.test.context.transaction.TransactionalTestExecutionListener@7eac9008, org.springframework.test.context.jdbc.SqlScriptsTestExecutionListener@4116aac9, org.springframework.boot.test.mock.mockito.ResetMocksTestExecutionListener@62ddbd7e, org.springframework.boot.test.autoconfigure.restdocs.RestDocsTestExecutionListener@74e52ef6, org.springframework.boot.test.autoconfigure.web.client.MockRestServiceServerResetTestExecutionListener@6ed3ccb2, org.springframework.boot.test.autoconfigure.web.servlet.MockMvcPrintOnlyOnFailureTestExecutionListener@1a677343, org.springframework.boot.test.autoconfigure.web.servlet.WebDriverTestExecutionListener@15de0b3c]
2019-07-19 17:12:06,244 [main] INFO  com.cicada.UserServiceTest - Starting UserServiceTest on DESKTOP-TBB76TA with PID 20880 (started by baihan in E:\work\workspace\workspace-springboot\springboot2x-samples)
2019-07-19 17:12:06,245 [main] INFO  com.cicada.UserServiceTest - No active profile set, falling back to default profiles: default
2019-07-19 17:12:09,167 [main] INFO  org.springframework.scheduling.concurrent.ThreadPoolTaskExecutor - Initializing ExecutorService 'applicationTaskExecutor'
2019-07-19 17:12:09,981 [main] INFO  com.cicada.UserServiceTest - Started UserServiceTest in 4.188 seconds (JVM running for 5.461)
2019-07-19 17:12:10,365 [Thread-3] INFO  org.springframework.scheduling.concurrent.ThreadPoolTaskExecutor - Shutting down ExecutorService 'applicationTaskExecutor'
2019-07-19 17:14:09,912 [main] INFO  org.springframework.boot.test.context.SpringBootTestContextBootstrapper - Neither @ContextConfiguration nor @ContextHierarchy found for test class [com.cicada.UserServiceTest], using SpringBootContextLoader
2019-07-19 17:14:09,920 [main] INFO  org.springframework.test.context.support.AbstractContextLoader - Could not detect default resource locations for test class [com.cicada.UserServiceTest]: no resource found for suffixes {-context.xml, Context.groovy}.
2019-07-19 17:14:09,921 [main] INFO  org.springframework.test.context.support.AnnotationConfigContextLoaderUtils - Could not detect default configuration classes for test class [com.cicada.UserServiceTest]: UserServiceTest does not declare any static, non-private, non-final, nested classes annotated with @Configuration.
2019-07-19 17:14:10,122 [main] INFO  org.springframework.boot.test.context.SpringBootTestContextBootstrapper - Found @SpringBootConfiguration com.cicada.Springboot2xSamplesApplication for test class com.cicada.UserServiceTest
2019-07-19 17:14:10,253 [main] INFO  org.springframework.boot.test.context.SpringBootTestContextBootstrapper - Loaded default TestExecutionListener class names from location [META-INF/spring.factories]: [org.springframework.boot.test.mock.mockito.MockitoTestExecutionListener, org.springframework.boot.test.mock.mockito.ResetMocksTestExecutionListener, org.springframework.boot.test.autoconfigure.restdocs.RestDocsTestExecutionListener, org.springframework.boot.test.autoconfigure.web.client.MockRestServiceServerResetTestExecutionListener, org.springframework.boot.test.autoconfigure.web.servlet.MockMvcPrintOnlyOnFailureTestExecutionListener, org.springframework.boot.test.autoconfigure.web.servlet.WebDriverTestExecutionListener, org.springframework.test.context.web.ServletTestExecutionListener, org.springframework.test.context.support.DirtiesContextBeforeModesTestExecutionListener, org.springframework.test.context.support.DependencyInjectionTestExecutionListener, org.springframework.test.context.support.DirtiesContextTestExecutionListener, org.springframework.test.context.transaction.TransactionalTestExecutionListener, org.springframework.test.context.jdbc.SqlScriptsTestExecutionListener]
2019-07-19 17:14:10,277 [main] INFO  org.springframework.boot.test.context.SpringBootTestContextBootstrapper - Using TestExecutionListeners: [org.springframework.test.context.web.ServletTestExecutionListener@9d5509a, org.springframework.test.context.support.DirtiesContextBeforeModesTestExecutionListener@179ece50, org.springframework.boot.test.mock.mockito.MockitoTestExecutionListener@3b0090a4, org.springframework.boot.test.autoconfigure.SpringBootDependencyInjectionTestExecutionListener@3cd3e762, org.springframework.test.context.support.DirtiesContextTestExecutionListener@1fa121e2, org.springframework.test.context.transaction.TransactionalTestExecutionListener@7eac9008, org.springframework.test.context.jdbc.SqlScriptsTestExecutionListener@4116aac9, org.springframework.boot.test.mock.mockito.ResetMocksTestExecutionListener@62ddbd7e, org.springframework.boot.test.autoconfigure.restdocs.RestDocsTestExecutionListener@74e52ef6, org.springframework.boot.test.autoconfigure.web.client.MockRestServiceServerResetTestExecutionListener@6ed3ccb2, org.springframework.boot.test.autoconfigure.web.servlet.MockMvcPrintOnlyOnFailureTestExecutionListener@1a677343, org.springframework.boot.test.autoconfigure.web.servlet.WebDriverTestExecutionListener@15de0b3c]
2019-07-19 17:14:10,870 [main] INFO  com.cicada.UserServiceTest - Starting UserServiceTest on DESKTOP-TBB76TA with PID 13428 (started by baihan in E:\work\workspace\workspace-springboot\springboot2x-samples)
2019-07-19 17:14:10,871 [main] INFO  com.cicada.UserServiceTest - No active profile set, falling back to default profiles: default
2019-07-19 17:14:15,413 [main] INFO  org.springframework.scheduling.concurrent.ThreadPoolTaskExecutor - Initializing ExecutorService 'applicationTaskExecutor'
2019-07-19 17:14:16,216 [main] INFO  com.cicada.UserServiceTest - Started UserServiceTest in 5.85 seconds (JVM running for 7.14)
2019-07-19 17:14:16,589 [Thread-3] INFO  org.springframework.scheduling.concurrent.ThreadPoolTaskExecutor - Shutting down ExecutorService 'applicationTaskExecutor'
2019-07-19 17:15:41,366 [main] INFO  org.springframework.boot.test.context.SpringBootTestContextBootstrapper - Neither @ContextConfiguration nor @ContextHierarchy found for test class [com.cicada.UserServiceTest], using SpringBootContextLoader
2019-07-19 17:15:41,375 [main] INFO  org.springframework.test.context.support.AbstractContextLoader - Could not detect default resource locations for test class [com.cicada.UserServiceTest]: no resource found for suffixes {-context.xml, Context.groovy}.
2019-07-19 17:15:41,376 [main] INFO  org.springframework.test.context.support.AnnotationConfigContextLoaderUtils - Could not detect default configuration classes for test class [com.cicada.UserServiceTest]: UserServiceTest does not declare any static, non-private, non-final, nested classes annotated with @Configuration.
2019-07-19 17:15:41,600 [main] INFO  org.springframework.boot.test.context.SpringBootTestContextBootstrapper - Found @SpringBootConfiguration com.cicada.Springboot2xSamplesApplication for test class com.cicada.UserServiceTest
2019-07-19 17:15:41,728 [main] INFO  org.springframework.boot.test.context.SpringBootTestContextBootstrapper - Loaded default TestExecutionListener class names from location [META-INF/spring.factories]: [org.springframework.boot.test.mock.mockito.MockitoTestExecutionListener, org.springframework.boot.test.mock.mockito.ResetMocksTestExecutionListener, org.springframework.boot.test.autoconfigure.restdocs.RestDocsTestExecutionListener, org.springframework.boot.test.autoconfigure.web.client.MockRestServiceServerResetTestExecutionListener, org.springframework.boot.test.autoconfigure.web.servlet.MockMvcPrintOnlyOnFailureTestExecutionListener, org.springframework.boot.test.autoconfigure.web.servlet.WebDriverTestExecutionListener, org.springframework.test.context.web.ServletTestExecutionListener, org.springframework.test.context.support.DirtiesContextBeforeModesTestExecutionListener, org.springframework.test.context.support.DependencyInjectionTestExecutionListener, org.springframework.test.context.support.DirtiesContextTestExecutionListener, org.springframework.test.context.transaction.TransactionalTestExecutionListener, org.springframework.test.context.jdbc.SqlScriptsTestExecutionListener]
2019-07-19 17:15:41,748 [main] INFO  org.springframework.boot.test.context.SpringBootTestContextBootstrapper - Using TestExecutionListeners: [org.springframework.test.context.web.ServletTestExecutionListener@1e800aaa, org.springframework.test.context.support.DirtiesContextBeforeModesTestExecutionListener@185a6e9, org.springframework.boot.test.mock.mockito.MockitoTestExecutionListener@6f03482, org.springframework.boot.test.autoconfigure.SpringBootDependencyInjectionTestExecutionListener@9d5509a, org.springframework.test.context.support.DirtiesContextTestExecutionListener@179ece50, org.springframework.test.context.transaction.TransactionalTestExecutionListener@3b0090a4, org.springframework.test.context.jdbc.SqlScriptsTestExecutionListener@3cd3e762, org.springframework.boot.test.mock.mockito.ResetMocksTestExecutionListener@1fa121e2, org.springframework.boot.test.autoconfigure.restdocs.RestDocsTestExecutionListener@7eac9008, org.springframework.boot.test.autoconfigure.web.client.MockRestServiceServerResetTestExecutionListener@4116aac9, org.springframework.boot.test.autoconfigure.web.servlet.MockMvcPrintOnlyOnFailureTestExecutionListener@62ddbd7e, org.springframework.boot.test.autoconfigure.web.servlet.WebDriverTestExecutionListener@74e52ef6]
2019-07-19 17:15:42,353 [main] INFO  com.cicada.UserServiceTest - Starting UserServiceTest on DESKTOP-TBB76TA with PID 24624 (started by baihan in E:\work\workspace\workspace-springboot\springboot2x-samples)
2019-07-19 17:15:42,355 [main] INFO  com.cicada.UserServiceTest - No active profile set, falling back to default profiles: default
2019-07-19 17:15:45,047 [main] INFO  org.springframework.scheduling.concurrent.ThreadPoolTaskExecutor - Initializing ExecutorService 'applicationTaskExecutor'
2019-07-19 17:15:45,787 [main] INFO  com.cicada.UserServiceTest - Started UserServiceTest in 3.973 seconds (JVM running for 5.23)
2019-07-19 17:15:46,144 [Thread-3] INFO  org.springframework.scheduling.concurrent.ThreadPoolTaskExecutor - Shutting down ExecutorService 'applicationTaskExecutor'
2019-07-19 17:17:52,136 [main] INFO  org.springframework.boot.test.context.SpringBootTestContextBootstrapper - Neither @ContextConfiguration nor @ContextHierarchy found for test class [com.cicada.UserServiceTest], using SpringBootContextLoader
2019-07-19 17:17:52,144 [main] INFO  org.springframework.test.context.support.AbstractContextLoader - Could not detect default resource locations for test class [com.cicada.UserServiceTest]: no resource found for suffixes {-context.xml, Context.groovy}.
2019-07-19 17:17:52,145 [main] INFO  org.springframework.test.context.support.AnnotationConfigContextLoaderUtils - Could not detect default configuration classes for test class [com.cicada.UserServiceTest]: UserServiceTest does not declare any static, non-private, non-final, nested classes annotated with @Configuration.
2019-07-19 17:17:52,333 [main] INFO  org.springframework.boot.test.context.SpringBootTestContextBootstrapper - Found @SpringBootConfiguration com.cicada.Springboot2xSamplesApplication for test class com.cicada.UserServiceTest
2019-07-19 17:17:52,455 [main] INFO  org.springframework.boot.test.context.SpringBootTestContextBootstrapper - Loaded default TestExecutionListener class names from location [META-INF/spring.factories]: [org.springframework.boot.test.mock.mockito.MockitoTestExecutionListener, org.springframework.boot.test.mock.mockito.ResetMocksTestExecutionListener, org.springframework.boot.test.autoconfigure.restdocs.RestDocsTestExecutionListener, org.springframework.boot.test.autoconfigure.web.client.MockRestServiceServerResetTestExecutionListener, org.springframework.boot.test.autoconfigure.web.servlet.MockMvcPrintOnlyOnFailureTestExecutionListener, org.springframework.boot.test.autoconfigure.web.servlet.WebDriverTestExecutionListener, org.springframework.test.context.web.ServletTestExecutionListener, org.springframework.test.context.support.DirtiesContextBeforeModesTestExecutionListener, org.springframework.test.context.support.DependencyInjectionTestExecutionListener, org.springframework.test.context.support.DirtiesContextTestExecutionListener, org.springframework.test.context.transaction.TransactionalTestExecutionListener, org.springframework.test.context.jdbc.SqlScriptsTestExecutionListener]
2019-07-19 17:17:52,475 [main] INFO  org.springframework.boot.test.context.SpringBootTestContextBootstrapper - Using TestExecutionListeners: [org.springframework.test.context.web.ServletTestExecutionListener@9d5509a, org.springframework.test.context.support.DirtiesContextBeforeModesTestExecutionListener@179ece50, org.springframework.boot.test.mock.mockito.MockitoTestExecutionListener@3b0090a4, org.springframework.boot.test.autoconfigure.SpringBootDependencyInjectionTestExecutionListener@3cd3e762, org.springframework.test.context.support.DirtiesContextTestExecutionListener@1fa121e2, org.springframework.test.context.transaction.TransactionalTestExecutionListener@7eac9008, org.springframework.test.context.jdbc.SqlScriptsTestExecutionListener@4116aac9, org.springframework.boot.test.mock.mockito.ResetMocksTestExecutionListener@62ddbd7e, org.springframework.boot.test.autoconfigure.restdocs.RestDocsTestExecutionListener@74e52ef6, org.springframework.boot.test.autoconfigure.web.client.MockRestServiceServerResetTestExecutionListener@6ed3ccb2, org.springframework.boot.test.autoconfigure.web.servlet.MockMvcPrintOnlyOnFailureTestExecutionListener@1a677343, org.springframework.boot.test.autoconfigure.web.servlet.WebDriverTestExecutionListener@15de0b3c]
2019-07-19 17:17:52,955 [main] INFO  com.cicada.UserServiceTest - Starting UserServiceTest on DESKTOP-TBB76TA with PID 2280 (started by baihan in E:\work\workspace\workspace-springboot\springboot2x-samples)
2019-07-19 17:17:52,956 [main] INFO  com.cicada.UserServiceTest - No active profile set, falling back to default profiles: default
2019-07-19 17:17:55,442 [main] INFO  org.springframework.scheduling.concurrent.ThreadPoolTaskExecutor - Initializing ExecutorService 'applicationTaskExecutor'
2019-07-19 17:17:56,137 [main] INFO  com.cicada.UserServiceTest - Started UserServiceTest in 3.59 seconds (JVM running for 4.844)
2019-07-19 17:17:56,479 [main] INFO  com.zaxxer.hikari.HikariDataSource - HikariPool-1 - Starting...
2019-07-19 17:17:56,786 [main] INFO  com.zaxxer.hikari.HikariDataSource - HikariPool-1 - Start completed.
2019-07-19 17:17:56,858 [main] INFO  com.cicada.UserServiceTest - æŸ¥æ‰¾ç»“æžœï¼šUser(userId=10, userName=apple, userPassword=uih6, userEmail=ff@qq.com)
2019-07-19 17:17:56,869 [Thread-3] INFO  org.springframework.scheduling.concurrent.ThreadPoolTaskExecutor - Shutting down ExecutorService 'applicationTaskExecutor'
2019-07-19 17:17:56,871 [Thread-3] INFO  com.zaxxer.hikari.HikariDataSource - HikariPool-1 - Shutdown initiated...
2019-07-19 17:17:56,876 [Thread-3] INFO  com.zaxxer.hikari.HikariDataSource - HikariPool-1 - Shutdown completed.
2019-07-19 17:19:55,767 [main] INFO  org.springframework.boot.test.context.SpringBootTestContextBootstrapper - Neither @ContextConfiguration nor @ContextHierarchy found for test class [com.cicada.UserServiceTest], using SpringBootContextLoader
2019-07-19 17:19:55,775 [main] INFO  org.springframework.test.context.support.AbstractContextLoader - Could not detect default resource locations for test class [com.cicada.UserServiceTest]: no resource found for suffixes {-context.xml, Context.groovy}.
2019-07-19 17:19:55,776 [main] INFO  org.springframework.test.context.support.AnnotationConfigContextLoaderUtils - Could not detect default configuration classes for test class [com.cicada.UserServiceTest]: UserServiceTest does not declare any static, non-private, non-final, nested classes annotated with @Configuration.
2019-07-19 17:19:55,952 [main] INFO  org.springframework.boot.test.context.SpringBootTestContextBootstrapper - Found @SpringBootConfiguration com.cicada.Springboot2xSamplesApplication for test class com.cicada.UserServiceTest
2019-07-19 17:19:56,052 [main] INFO  org.springframework.boot.test.context.SpringBootTestContextBootstrapper - Loaded default TestExecutionListener class names from location [META-INF/spring.factories]: [org.springframework.boot.test.mock.mockito.MockitoTestExecutionListener, org.springframework.boot.test.mock.mockito.ResetMocksTestExecutionListener, org.springframework.boot.test.autoconfigure.restdocs.RestDocsTestExecutionListener, org.springframework.boot.test.autoconfigure.web.client.MockRestServiceServerResetTestExecutionListener, org.springframework.boot.test.autoconfigure.web.servlet.MockMvcPrintOnlyOnFailureTestExecutionListener, org.springframework.boot.test.autoconfigure.web.servlet.WebDriverTestExecutionListener, org.springframework.test.context.web.ServletTestExecutionListener, org.springframework.test.context.support.DirtiesContextBeforeModesTestExecutionListener, org.springframework.test.context.support.DependencyInjectionTestExecutionListener, org.springframework.test.context.support.DirtiesContextTestExecutionListener, org.springframework.test.context.transaction.TransactionalTestExecutionListener, org.springframework.test.context.jdbc.SqlScriptsTestExecutionListener]
2019-07-19 17:19:56,074 [main] INFO  org.springframework.boot.test.context.SpringBootTestContextBootstrapper - Using TestExecutionListeners: [org.springframework.test.context.web.ServletTestExecutionListener@9d5509a, org.springframework.test.context.support.DirtiesContextBeforeModesTestExecutionListener@179ece50, org.springframework.boot.test.mock.mockito.MockitoTestExecutionListener@3b0090a4, org.springframework.boot.test.autoconfigure.SpringBootDependencyInjectionTestExecutionListener@3cd3e762, org.springframework.test.context.support.DirtiesContextTestExecutionListener@1fa121e2, org.springframework.test.context.transaction.TransactionalTestExecutionListener@7eac9008, org.springframework.test.context.jdbc.SqlScriptsTestExecutionListener@4116aac9, org.springframework.boot.test.mock.mockito.ResetMocksTestExecutionListener@62ddbd7e, org.springframework.boot.test.autoconfigure.restdocs.RestDocsTestExecutionListener@74e52ef6, org.springframework.boot.test.autoconfigure.web.client.MockRestServiceServerResetTestExecutionListener@6ed3ccb2, org.springframework.boot.test.autoconfigure.web.servlet.MockMvcPrintOnlyOnFailureTestExecutionListener@1a677343, org.springframework.boot.test.autoconfigure.web.servlet.WebDriverTestExecutionListener@15de0b3c]
2019-07-19 17:19:56,501 [main] INFO  com.cicada.UserServiceTest - Starting UserServiceTest on DESKTOP-TBB76TA with PID 3224 (started by baihan in E:\work\workspace\workspace-springboot\springboot2x-samples)
2019-07-19 17:19:56,502 [main] INFO  com.cicada.UserServiceTest - No active profile set, falling back to default profiles: default
2019-07-19 17:19:59,023 [main] INFO  org.springframework.scheduling.concurrent.ThreadPoolTaskExecutor - Initializing ExecutorService 'applicationTaskExecutor'
2019-07-19 17:19:59,815 [main] INFO  com.cicada.UserServiceTest - Started UserServiceTest in 3.678 seconds (JVM running for 4.85)
2019-07-19 17:20:00,250 [main] INFO  com.zaxxer.hikari.HikariDataSource - HikariPool-1 - Starting...
2019-07-19 17:20:00,573 [main] INFO  com.zaxxer.hikari.HikariDataSource - HikariPool-1 - Start completed.
2019-07-19 17:20:00,658 [main] INFO  com.cicada.UserServiceTest - æŸ¥æ‰¾ç»“æžœï¼šUser(userId=10, userName=apple, userPassword=uih6, userEmail=ff@qq.com)
2019-07-19 17:20:00,670 [Thread-3] INFO  org.springframework.scheduling.concurrent.ThreadPoolTaskExecutor - Shutting down ExecutorService 'applicationTaskExecutor'
2019-07-19 17:20:00,672 [Thread-3] INFO  com.zaxxer.hikari.HikariDataSource - HikariPool-1 - Shutdown initiated...
2019-07-19 17:20:00,678 [Thread-3] INFO  com.zaxxer.hikari.HikariDataSource - HikariPool-1 - Shutdown completed.
2019-07-19 17:20:59,367 [main] INFO  org.springframework.boot.test.context.SpringBootTestContextBootstrapper - Neither @ContextConfiguration nor @ContextHierarchy found for test class [com.cicada.UserServiceTest], using SpringBootContextLoader
2019-07-19 17:20:59,376 [main] INFO  org.springframework.test.context.support.AbstractContextLoader - Could not detect default resource locations for test class [com.cicada.UserServiceTest]: no resource found for suffixes {-context.xml, Context.groovy}.
2019-07-19 17:20:59,377 [main] INFO  org.springframework.test.context.support.AnnotationConfigContextLoaderUtils - Could not detect default configuration classes for test class [com.cicada.UserServiceTest]: UserServiceTest does not declare any static, non-private, non-final, nested classes annotated with @Configuration.
2019-07-19 17:20:59,566 [main] INFO  org.springframework.boot.test.context.SpringBootTestContextBootstrapper - Found @SpringBootConfiguration com.cicada.Springboot2xSamplesApplication for test class com.cicada.UserServiceTest
2019-07-19 17:20:59,670 [main] INFO  org.springframework.boot.test.context.SpringBootTestContextBootstrapper - Loaded default TestExecutionListener class names from location [META-INF/spring.factories]: [org.springframework.boot.test.mock.mockito.MockitoTestExecutionListener, org.springframework.boot.test.mock.mockito.ResetMocksTestExecutionListener, org.springframework.boot.test.autoconfigure.restdocs.RestDocsTestExecutionListener, org.springframework.boot.test.autoconfigure.web.client.MockRestServiceServerResetTestExecutionListener, org.springframework.boot.test.autoconfigure.web.servlet.MockMvcPrintOnlyOnFailureTestExecutionListener, org.springframework.boot.test.autoconfigure.web.servlet.WebDriverTestExecutionListener, org.springframework.test.context.web.ServletTestExecutionListener, org.springframework.test.context.support.DirtiesContextBeforeModesTestExecutionListener, org.springframework.test.context.support.DependencyInjectionTestExecutionListener, org.springframework.test.context.support.DirtiesContextTestExecutionListener, org.springframework.test.context.transaction.TransactionalTestExecutionListener, org.springframework.test.context.jdbc.SqlScriptsTestExecutionListener]
2019-07-19 17:20:59,689 [main] INFO  org.springframework.boot.test.context.SpringBootTestContextBootstrapper - Using TestExecutionListeners: [org.springframework.test.context.web.ServletTestExecutionListener@9d5509a, org.springframework.test.context.support.DirtiesContextBeforeModesTestExecutionListener@179ece50, org.springframework.boot.test.mock.mockito.MockitoTestExecutionListener@3b0090a4, org.springframework.boot.test.autoconfigure.SpringBootDependencyInjectionTestExecutionListener@3cd3e762, org.springframework.test.context.support.DirtiesContextTestExecutionListener@1fa121e2, org.springframework.test.context.transaction.TransactionalTestExecutionListener@7eac9008, org.springframework.test.context.jdbc.SqlScriptsTestExecutionListener@4116aac9, org.springframework.boot.test.mock.mockito.ResetMocksTestExecutionListener@62ddbd7e, org.springframework.boot.test.autoconfigure.restdocs.RestDocsTestExecutionListener@74e52ef6, org.springframework.boot.test.autoconfigure.web.client.MockRestServiceServerResetTestExecutionListener@6ed3ccb2, org.springframework.boot.test.autoconfigure.web.servlet.MockMvcPrintOnlyOnFailureTestExecutionListener@1a677343, org.springframework.boot.test.autoconfigure.web.servlet.WebDriverTestExecutionListener@15de0b3c]
2019-07-19 17:21:00,145 [main] INFO  com.cicada.UserServiceTest - Starting UserServiceTest on DESKTOP-TBB76TA with PID 24532 (started by baihan in E:\work\workspace\workspace-springboot\springboot2x-samples)
2019-07-19 17:21:00,146 [main] INFO  com.cicada.UserServiceTest - No active profile set, falling back to default profiles: default
2019-07-19 17:21:02,690 [main] INFO  org.springframework.scheduling.concurrent.ThreadPoolTaskExecutor - Initializing ExecutorService 'applicationTaskExecutor'
2019-07-19 17:21:03,395 [main] INFO  com.cicada.UserServiceTest - Started UserServiceTest in 3.648 seconds (JVM running for 4.843)
2019-07-19 17:21:03,740 [main] INFO  com.zaxxer.hikari.HikariDataSource - HikariPool-1 - Starting...
2019-07-19 17:21:04,013 [main] INFO  com.zaxxer.hikari.HikariDataSource - HikariPool-1 - Start completed.
2019-07-19 17:21:04,094 [main] INFO  com.cicada.UserServiceTest - æŸ¥æ‰¾ç»“æžœï¼šUser [userId=10, userName=apple, userPassword=uih6, userEmail=ff@qq.com]
2019-07-19 17:21:04,107 [Thread-3] INFO  org.springframework.scheduling.concurrent.ThreadPoolTaskExecutor - Shutting down ExecutorService 'applicationTaskExecutor'
2019-07-19 17:21:04,109 [Thread-3] INFO  com.zaxxer.hikari.HikariDataSource - HikariPool-1 - Shutdown initiated...
2019-07-19 17:21:04,113 [Thread-3] INFO  com.zaxxer.hikari.HikariDataSource - HikariPool-1 - Shutdown completed.
2019-07-19 17:36:25,936 [main] INFO  com.cicada.Springboot2xSamplesApplication - Starting Springboot2xSamplesApplication on DESKTOP-TBB76TA with PID 14612 (E:\work\workspace\workspace-springboot\springboot2x-samples\target\classes started by baihan in E:\work\workspace\workspace-springboot\springboot2x-samples)
2019-07-19 17:36:25,939 [main] INFO  com.cicada.Springboot2xSamplesApplication - No active profile set, falling back to default profiles: default
2019-07-19 17:36:27,207 [main] INFO  org.springframework.boot.web.embedded.tomcat.TomcatWebServer - Tomcat initialized with port(s): 8080 (http)
2019-07-19 17:36:27,222 [main] INFO  org.apache.coyote.http11.Http11NioProtocol - Initializing ProtocolHandler ["http-nio-8080"]
2019-07-19 17:36:27,233 [main] INFO  org.apache.catalina.core.StandardService - Starting service [Tomcat]
2019-07-19 17:36:27,233 [main] INFO  org.apache.catalina.core.StandardEngine - Starting Servlet engine: [Apache Tomcat/9.0.17]
2019-07-19 17:36:27,326 [main] INFO  org.apache.catalina.core.ContainerBase.[Tomcat].[localhost].[/] - Initializing Spring embedded WebApplicationContext
2019-07-19 17:36:27,326 [main] INFO  org.springframework.web.context.ContextLoader - Root WebApplicationContext: initialization completed in 1343 ms
2019-07-19 17:36:27,797 [main] INFO  org.springframework.scheduling.concurrent.ThreadPoolTaskExecutor - Initializing ExecutorService 'applicationTaskExecutor'
2019-07-19 17:36:27,938 [main] INFO  org.springframework.boot.autoconfigure.web.servlet.WelcomePageHandlerMapping - Adding welcome page template: index
2019-07-19 17:36:28,126 [main] INFO  org.apache.coyote.http11.Http11NioProtocol - Starting ProtocolHandler ["http-nio-8080"]
2019-07-19 17:36:28,143 [main] INFO  org.apache.coyote.http11.Http11NioProtocol - Pausing ProtocolHandler ["http-nio-8080"]
2019-07-19 17:36:28,143 [main] INFO  org.apache.catalina.core.StandardService - Stopping service [Tomcat]
2019-07-19 17:36:28,149 [main] INFO  org.apache.catalina.util.LifecycleBase - The stop() method was called on component [StandardServer[-1]] after stop() had already been called. The second call will be ignored.
2019-07-19 17:36:28,149 [main] INFO  org.apache.coyote.http11.Http11NioProtocol - Stopping ProtocolHandler ["http-nio-8080"]
2019-07-19 17:36:28,150 [main] INFO  org.apache.coyote.http11.Http11NioProtocol - Destroying ProtocolHandler ["http-nio-8080"]
2019-07-19 17:36:28,153 [main] INFO  o.s.boot.autoconfigure.logging.ConditionEvaluationReportLoggingListener - 

Error starting ApplicationContext. To display the conditions report re-run your application with 'debug' enabled.
2019-07-19 17:36:28,161 [main] INFO  org.springframework.scheduling.concurrent.ThreadPoolTaskExecutor - Shutting down ExecutorService 'applicationTaskExecutor'
2019-07-19 17:36:51,159 [main] INFO  com.cicada.Springboot2xSamplesApplication - Starting Springboot2xSamplesApplication on DESKTOP-TBB76TA with PID 25012 (E:\work\workspace\workspace-springboot\springboot2x-samples\target\classes started by baihan in E:\work\workspace\workspace-springboot\springboot2x-samples)
2019-07-19 17:36:51,163 [main] INFO  com.cicada.Springboot2xSamplesApplication - No active profile set, falling back to default profiles: default
2019-07-19 17:36:52,331 [main] INFO  org.springframework.boot.web.embedded.tomcat.TomcatWebServer - Tomcat initialized with port(s): 8080 (http)
2019-07-19 17:36:52,359 [main] INFO  org.apache.coyote.http11.Http11NioProtocol - Initializing ProtocolHandler ["http-nio-8080"]
2019-07-19 17:36:52,370 [main] INFO  org.apache.catalina.core.StandardService - Starting service [Tomcat]
2019-07-19 17:36:52,371 [main] INFO  org.apache.catalina.core.StandardEngine - Starting Servlet engine: [Apache Tomcat/9.0.17]
2019-07-19 17:36:52,463 [main] INFO  org.apache.catalina.core.ContainerBase.[Tomcat].[localhost].[/] - Initializing Spring embedded WebApplicationContext
2019-07-19 17:36:52,463 [main] INFO  org.springframework.web.context.ContextLoader - Root WebApplicationContext: initialization completed in 1262 ms
2019-07-19 17:36:52,862 [main] INFO  org.springframework.scheduling.concurrent.ThreadPoolTaskExecutor - Initializing ExecutorService 'applicationTaskExecutor'
2019-07-19 17:36:53,079 [main] INFO  org.springframework.boot.autoconfigure.web.servlet.WelcomePageHandlerMapping - Adding welcome page template: index
2019-07-19 17:36:53,208 [main] INFO  org.apache.coyote.http11.Http11NioProtocol - Starting ProtocolHandler ["http-nio-8080"]
2019-07-19 17:36:53,229 [main] INFO  org.springframework.boot.web.embedded.tomcat.TomcatWebServer - Tomcat started on port(s): 8080 (http) with context path ''
2019-07-19 17:36:53,231 [main] INFO  com.cicada.Springboot2xSamplesApplication - Started Springboot2xSamplesApplication in 2.434 seconds (JVM running for 3.398)
2019-07-19 17:37:19,622 [RMI TCP Connection(7)-127.0.0.1] INFO  o.s.boot.admin.SpringApplicationAdminMXBeanRegistrar$SpringApplicationAdmin - Application shutdown requested.
2019-07-19 17:37:19,625 [RMI TCP Connection(7)-127.0.0.1] INFO  org.springframework.scheduling.concurrent.ThreadPoolTaskExecutor - Shutting down ExecutorService 'applicationTaskExecutor'
2019-07-19 17:37:24,320 [main] INFO  com.cicada.Springboot2xSamplesApplication - Starting Springboot2xSamplesApplication on DESKTOP-TBB76TA with PID 15344 (E:\work\workspace\workspace-springboot\springboot2x-samples\target\classes started by baihan in E:\work\workspace\workspace-springboot\springboot2x-samples)
2019-07-19 17:37:24,322 [main] INFO  com.cicada.Springboot2xSamplesApplication - No active profile set, falling back to default profiles: default
2019-07-19 17:37:25,510 [main] INFO  org.springframework.boot.web.embedded.tomcat.TomcatWebServer - Tomcat initialized with port(s): 8080 (http)
2019-07-19 17:37:25,535 [main] INFO  org.apache.coyote.http11.Http11NioProtocol - Initializing ProtocolHandler ["http-nio-8080"]
2019-07-19 17:37:25,547 [main] INFO  org.apache.catalina.core.StandardService - Starting service [Tomcat]
2019-07-19 17:37:25,547 [main] INFO  org.apache.catalina.core.StandardEngine - Starting Servlet engine: [Apache Tomcat/9.0.17]
2019-07-19 17:37:25,673 [main] INFO  org.apache.catalina.core.ContainerBase.[Tomcat].[localhost].[/] - Initializing Spring embedded WebApplicationContext
2019-07-19 17:37:25,673 [main] INFO  org.springframework.web.context.ContextLoader - Root WebApplicationContext: initialization completed in 1312 ms
2019-07-19 17:37:26,126 [main] INFO  org.springframework.scheduling.concurrent.ThreadPoolTaskExecutor - Initializing ExecutorService 'applicationTaskExecutor'
2019-07-19 17:37:26,348 [main] INFO  org.springframework.boot.autoconfigure.web.servlet.WelcomePageHandlerMapping - Adding welcome page template: index
2019-07-19 17:37:26,470 [main] INFO  org.apache.coyote.http11.Http11NioProtocol - Starting ProtocolHandler ["http-nio-8080"]
2019-07-19 17:37:26,494 [main] INFO  org.springframework.boot.web.embedded.tomcat.TomcatWebServer - Tomcat started on port(s): 8080 (http) with context path ''
2019-07-19 17:37:26,498 [main] INFO  com.cicada.Springboot2xSamplesApplication - Started Springboot2xSamplesApplication in 2.539 seconds (JVM running for 3.516)
2019-07-19 17:37:47,445 [http-nio-8080-exec-1] INFO  org.apache.catalina.core.ContainerBase.[Tomcat].[localhost].[/] - Initializing Spring DispatcherServlet 'dispatcherServlet'
2019-07-19 17:37:47,445 [http-nio-8080-exec-1] INFO  org.springframework.web.servlet.DispatcherServlet - Initializing Servlet 'dispatcherServlet'
2019-07-19 17:37:47,451 [http-nio-8080-exec-1] INFO  org.springframework.web.servlet.DispatcherServlet - Completed initialization in 6 ms
2019-07-19 17:37:47,500 [http-nio-8080-exec-1] INFO  com.zaxxer.hikari.HikariDataSource - HikariPool-1 - Starting...
2019-07-19 17:37:47,660 [http-nio-8080-exec-1] INFO  com.zaxxer.hikari.HikariDataSource - HikariPool-1 - Start completed.
2019-07-19 17:38:25,112 [RMI TCP Connection(8)-127.0.0.1] INFO  o.s.boot.admin.SpringApplicationAdminMXBeanRegistrar$SpringApplicationAdmin - Application shutdown requested.
2019-07-19 17:38:25,114 [RMI TCP Connection(8)-127.0.0.1] INFO  org.springframework.scheduling.concurrent.ThreadPoolTaskExecutor - Shutting down ExecutorService 'applicationTaskExecutor'
2019-07-19 17:38:25,115 [RMI TCP Connection(8)-127.0.0.1] INFO  com.zaxxer.hikari.HikariDataSource - HikariPool-1 - Shutdown initiated...
2019-07-19 17:38:25,123 [RMI TCP Connection(8)-127.0.0.1] INFO  com.zaxxer.hikari.HikariDataSource - HikariPool-1 - Shutdown completed.
2019-07-19 17:44:12,160 [main] INFO  org.springframework.boot.test.context.SpringBootTestContextBootstrapper - Neither @ContextConfiguration nor @ContextHierarchy found for test class [com.cicada.UserServiceTest], using SpringBootContextLoader
2019-07-19 17:44:12,168 [main] INFO  org.springframework.test.context.support.AbstractContextLoader - Could not detect default resource locations for test class [com.cicada.UserServiceTest]: no resource found for suffixes {-context.xml, Context.groovy}.
2019-07-19 17:44:12,169 [main] INFO  org.springframework.test.context.support.AnnotationConfigContextLoaderUtils - Could not detect default configuration classes for test class [com.cicada.UserServiceTest]: UserServiceTest does not declare any static, non-private, non-final, nested classes annotated with @Configuration.
2019-07-19 17:44:12,356 [main] INFO  org.springframework.boot.test.context.SpringBootTestContextBootstrapper - Found @SpringBootConfiguration com.cicada.Springboot2xSamplesApplication for test class com.cicada.UserServiceTest
2019-07-19 17:44:12,473 [main] INFO  org.springframework.boot.test.context.SpringBootTestContextBootstrapper - Loaded default TestExecutionListener class names from location [META-INF/spring.factories]: [org.springframework.boot.test.mock.mockito.MockitoTestExecutionListener, org.springframework.boot.test.mock.mockito.ResetMocksTestExecutionListener, org.springframework.boot.test.autoconfigure.restdocs.RestDocsTestExecutionListener, org.springframework.boot.test.autoconfigure.web.client.MockRestServiceServerResetTestExecutionListener, org.springframework.boot.test.autoconfigure.web.servlet.MockMvcPrintOnlyOnFailureTestExecutionListener, org.springframework.boot.test.autoconfigure.web.servlet.WebDriverTestExecutionListener, org.springframework.test.context.web.ServletTestExecutionListener, org.springframework.test.context.support.DirtiesContextBeforeModesTestExecutionListener, org.springframework.test.context.support.DependencyInjectionTestExecutionListener, org.springframework.test.context.support.DirtiesContextTestExecutionListener, org.springframework.test.context.transaction.TransactionalTestExecutionListener, org.springframework.test.context.jdbc.SqlScriptsTestExecutionListener]
2019-07-19 17:44:12,492 [main] INFO  org.springframework.boot.test.context.SpringBootTestContextBootstrapper - Using TestExecutionListeners: [org.springframework.test.context.web.ServletTestExecutionListener@61d6015a, org.springframework.test.context.support.DirtiesContextBeforeModesTestExecutionListener@2525ff7e, org.springframework.boot.test.mock.mockito.MockitoTestExecutionListener@524d6d96, org.springframework.boot.test.autoconfigure.SpringBootDependencyInjectionTestExecutionListener@152aa092, org.springframework.test.context.support.DirtiesContextTestExecutionListener@44a7bfbc, org.springframework.test.context.transaction.TransactionalTestExecutionListener@4ef37659, org.springframework.test.context.jdbc.SqlScriptsTestExecutionListener@776b83cc, org.springframework.boot.test.mock.mockito.ResetMocksTestExecutionListener@37858383, org.springframework.boot.test.autoconfigure.restdocs.RestDocsTestExecutionListener@4e268090, org.springframework.boot.test.autoconfigure.web.client.MockRestServiceServerResetTestExecutionListener@1bb266b3, org.springframework.boot.test.autoconfigure.web.servlet.MockMvcPrintOnlyOnFailureTestExecutionListener@306cf3ea, org.springframework.boot.test.autoconfigure.web.servlet.WebDriverTestExecutionListener@2beee7ff]
2019-07-19 17:44:12,946 [main] INFO  com.cicada.UserServiceTest - Starting UserServiceTest on DESKTOP-TBB76TA with PID 9584 (started by baihan in E:\work\workspace\workspace-springboot\springboot2x-samples)
2019-07-19 17:44:12,947 [main] INFO  com.cicada.UserServiceTest - No active profile set, falling back to default profiles: default
2019-07-19 17:44:15,576 [main] INFO  org.springframework.scheduling.concurrent.ThreadPoolTaskExecutor - Initializing ExecutorService 'applicationTaskExecutor'
2019-07-19 17:44:15,933 [main] INFO  org.springframework.boot.autoconfigure.web.servlet.WelcomePageHandlerMapping - Adding welcome page template: index
2019-07-19 17:44:16,333 [main] INFO  com.cicada.UserServiceTest - Started UserServiceTest in 3.786 seconds (JVM running for 5.062)
2019-07-19 17:44:16,683 [main] INFO  com.zaxxer.hikari.HikariDataSource - HikariPool-1 - Starting...
2019-07-19 17:44:16,975 [main] INFO  com.zaxxer.hikari.HikariDataSource - HikariPool-1 - Start completed.
2019-07-19 17:44:17,044 [main] INFO  com.cicada.UserServiceTest - ²éÕÒ½á¹û£ºUser [userId=10, userName=apple, userPassword=uih6, userEmail=ff@qq.com]
2019-07-19 17:44:17,108 [Thread-2] INFO  org.springframework.scheduling.concurrent.ThreadPoolTaskExecutor - Shutting down ExecutorService 'applicationTaskExecutor'
2019-07-19 17:44:17,110 [Thread-2] INFO  com.zaxxer.hikari.HikariDataSource - HikariPool-1 - Shutdown initiated...
2019-07-19 17:44:17,123 [Thread-2] INFO  com.zaxxer.hikari.HikariDataSource - HikariPool-1 - Shutdown completed.
